{"numFailedTestSuites":1,"numFailedTests":1,"numPassedTestSuites":8,"numPassedTests":13,"numPendingTestSuites":0,"numPendingTests":0,"numRuntimeErrorTestSuites":0,"numTodoTests":0,"numTotalTestSuites":9,"numTotalTests":14,"openHandles":[],"snapshot":{"added":0,"didUpdate":false,"failure":false,"filesAdded":0,"filesRemoved":0,"filesRemovedList":[],"filesUnmatched":0,"filesUpdated":0,"matched":0,"total":0,"unchecked":0,"uncheckedKeysByFile":[],"unmatched":0,"updated":0},"startTime":1763448510572,"success":false,"testResults":[{"assertionResults":[{"ancestorTitles":[],"duration":12,"failing":false,"failureDetails":[],"failureMessages":[],"fullName":"placeholder","invocations":1,"location":null,"numPassingAsserts":1,"retryReasons":[],"startAt":1763448522505,"status":"passed","title":"placeholder"}],"endTime":1763448522521,"message":"","name":"C:\\Users\\qalej\\Documents\\Develop\\MentesCreativas-main\\src\\components\\Robot3D.test.tsx","startTime":1763448513516,"status":"passed","summary":""},{"assertionResults":[{"ancestorTitles":["Robot3DView"],"duration":339,"failing":false,"failureDetails":[],"failureMessages":[],"fullName":"Robot3DView los botones de vista y movimiento emiten eventos en window","invocations":1,"location":null,"numPassingAsserts":2,"retryReasons":[],"startAt":1763448524411,"status":"passed","title":"los botones de vista y movimiento emiten eventos en window"}],"endTime":1763448524753,"message":"","name":"C:\\Users\\qalej\\Documents\\Develop\\MentesCreativas-main\\src\\views\\Robot3DView.test.tsx","startTime":1763448513494,"status":"passed","summary":""},{"assertionResults":[{"ancestorTitles":["ColorPalette"],"duration":315,"failing":false,"failureDetails":[],"failureMessages":[],"fullName":"ColorPalette asocia la etiqueta Código HEX con el input y dispara onSetHex con el valor válido","invocations":1,"location":null,"numPassingAsserts":1,"retryReasons":[],"startAt":1763448524231,"status":"passed","title":"asocia la etiqueta Código HEX con el input y dispara onSetHex con el valor válido"},{"ancestorTitles":["ColorPalette"],"duration":204,"failing":false,"failureDetails":[],"failureMessages":[],"fullName":"ColorPalette los botones Random y Reset llaman a sus callbacks","invocations":1,"location":null,"numPassingAsserts":2,"retryReasons":[],"startAt":1763448524548,"status":"passed","title":"los botones Random y Reset llaman a sus callbacks"},{"ancestorTitles":["ColorPalette"],"duration":76,"failing":false,"failureDetails":[],"failureMessages":[],"fullName":"ColorPalette clic en preset Rojo dispara onSetHex con el valor correcto","invocations":1,"location":null,"numPassingAsserts":1,"retryReasons":[],"startAt":1763448524752,"status":"passed","title":"clic en preset Rojo dispara onSetHex con el valor correcto"}],"endTime":1763448524831,"message":"","name":"C:\\Users\\qalej\\Documents\\Develop\\MentesCreativas-main\\src\\components\\ColorPalette.test.tsx","startTime":1763448513490,"status":"passed","summary":""},{"assertionResults":[{"ancestorTitles":["Integración: ColorPalette actualiza hex y callbacks"],"duration":360,"failing":false,"failureDetails":[],"failureMessages":[],"fullName":"Integración: ColorPalette actualiza hex y callbacks seleccionar color predefinido dispara onSetHex y actualiza etiqueta","invocations":1,"location":null,"numPassingAsserts":1,"retryReasons":[],"startAt":1763448524489,"status":"passed","title":"seleccionar color predefinido dispara onSetHex y actualiza etiqueta"},{"ancestorTitles":["Integración: ColorPalette actualiza hex y callbacks"],"duration":101,"failing":false,"failureDetails":[],"failureMessages":[],"fullName":"Integración: ColorPalette actualiza hex y callbacks input HEX válido dispara callback al completar 6 caracteres","invocations":1,"location":null,"numPassingAsserts":1,"retryReasons":[],"startAt":1763448524850,"status":"passed","title":"input HEX válido dispara callback al completar 6 caracteres"}],"endTime":1763448524954,"message":"","name":"C:\\Users\\qalej\\Documents\\Develop\\MentesCreativas-main\\src\\integration\\ColorPaletteFlow.test.tsx","startTime":1763448513493,"status":"passed","summary":""},{"assertionResults":[{"ancestorTitles":["Integración: flujo de reproducción del Ciclo del Agua"],"duration":287,"failing":false,"failureDetails":[],"failureMessages":[],"fullName":"Integración: flujo de reproducción del Ciclo del Agua reproduce, avanza y se reinicia correctamente","invocations":1,"location":null,"numPassingAsserts":3,"retryReasons":[],"startAt":1763448524868,"status":"passed","title":"reproduce, avanza y se reinicia correctamente"}],"endTime":1763448525158,"message":"","name":"C:\\Users\\qalej\\Documents\\Develop\\MentesCreativas-main\\src\\integration\\WaterCycleFlow.test.tsx","startTime":1763448513501,"status":"passed","summary":""},{"assertionResults":[{"ancestorTitles":[],"duration":905,"failing":false,"failureDetails":[],"failureMessages":[],"fullName":"renderiza el título principal actualizado","invocations":1,"location":null,"numPassingAsserts":1,"retryReasons":[],"startAt":1763448524341,"status":"passed","title":"renderiza el título principal actualizado"}],"endTime":1763448525248,"message":"","name":"C:\\Users\\qalej\\Documents\\Develop\\MentesCreativas-main\\src\\App.test.tsx","startTime":1763448513488,"status":"passed","summary":""},{"assertionResults":[{"ancestorTitles":["Integración: indicador del tema activo"],"duration":741,"failing":false,"failureDetails":[],"failureMessages":[],"fullName":"Integración: indicador del tema activo muestra que está en modo oscuro cuando la preferencia previa es dark","invocations":1,"location":null,"numPassingAsserts":2,"retryReasons":[],"startAt":1763448524731,"status":"passed","title":"muestra que está en modo oscuro cuando la preferencia previa es dark"}],"endTime":1763448525474,"message":"","name":"C:\\Users\\qalej\\Documents\\Develop\\MentesCreativas-main\\src\\integration\\ThemeToggleFlow.test.tsx","startTime":1763448513539,"status":"passed","summary":""},{"assertionResults":[{"ancestorTitles":["WaterCycle"],"duration":269,"failing":false,"failureDetails":[],"failureMessages":[],"fullName":"WaterCycle muestra etapa inicial y navega con botones","invocations":1,"location":null,"numPassingAsserts":3,"retryReasons":[],"startAt":1763448525145,"status":"passed","title":"muestra etapa inicial y navega con botones"},{"ancestorTitles":["WaterCycle"],"duration":65,"failing":false,"failureDetails":[],"failureMessages":[],"fullName":"WaterCycle selecciona etapa por botón específico","invocations":1,"location":null,"numPassingAsserts":1,"retryReasons":[],"startAt":1763448525415,"status":"passed","title":"selecciona etapa por botón específico"},{"ancestorTitles":["WaterCycle"],"duration":59,"failing":false,"failureDetails":[],"failureMessages":[],"fullName":"WaterCycle reproduce automáticamente avanzando etapas con intervalo","invocations":1,"location":null,"numPassingAsserts":2,"retryReasons":[],"startAt":1763448525480,"status":"passed","title":"reproduce automáticamente avanzando etapas con intervalo"}],"endTime":1763448525541,"message":"","name":"C:\\Users\\qalej\\Documents\\Develop\\MentesCreativas-main\\src\\components\\WaterCycle.test.tsx","startTime":1763448513539,"status":"passed","summary":""},{"assertionResults":[{"ancestorTitles":["Integración: flujo de navegación Sidebar"],"duration":1981,"failing":false,"failureDetails":[{"name":"TestingLibraryElementError"}],"failureMessages":["Error: Found multiple elements with the text: /Robot 3D/i\n\nHere are the matching elements:\n\nIgnored nodes: comments, script, style\n\u001b[36m<span\u001b[39m\n  \u001b[33mclass\u001b[39m=\u001b[32m\"flex-1 text-sm break-words\"\u001b[39m\n\u001b[36m>\u001b[39m\n  \u001b[0mRobot 3D - Tecnología\u001b[0m\n\u001b[36m</span>\u001b[39m\n\nIgnored nodes: comments, script, style\n\u001b[36m<div>\u001b[39m\n  \u001b[0mRobot 3D\u001b[0m\n\u001b[36m</div>\u001b[39m\n\n(If this is intentional, then use the `*AllBy*` variant of the query (like `queryAllByText`, `getAllByText`, or `findAllByText`)).\n\nIgnored nodes: comments, script, style\n\u001b[36m<body>\u001b[39m\n  \u001b[36m<div>\u001b[39m\n    \u001b[36m<div\u001b[39m\n      \u001b[33mclass\u001b[39m=\u001b[32m\"flex h-screen\"\u001b[39m\n    \u001b[36m>\u001b[39m\n      \u001b[36m<aside\u001b[39m\n        \u001b[33mclass\u001b[39m=\u001b[32m\"hidden md:block w-full md:w-[240px] border-r border-slate-100 dark:border-slate-900/30 bg-slate-50/80 dark:bg-slate-900/80 backdrop-blur-sm\"\u001b[39m\n      \u001b[36m>\u001b[39m\n        \u001b[36m<div\u001b[39m\n          \u001b[33mclass\u001b[39m=\u001b[32m\"p-3 space-y-1\"\u001b[39m\n        \u001b[36m>\u001b[39m\n          \u001b[36m<button\u001b[39m\n            \u001b[33maria-expanded\u001b[39m=\u001b[32m\"false\"\u001b[39m\n            \u001b[33mclass\u001b[39m=\u001b[32m\"w-full text-left flex items-center justify-between rounded-lg px-3 py-2 text-slate-800 dark:text-slate-100\n                     hover:bg-slate-100 dark:hover:bg-slate-900 font-medium transition-colors duration-300\"\u001b[39m\n          \u001b[36m>\u001b[39m\n            \u001b[36m<span\u001b[39m\n              \u001b[33mclass\u001b[39m=\u001b[32m\"text-sm font-semibold tracking-wide\"\u001b[39m\n            \u001b[36m>\u001b[39m\n              \u001b[0mMenú Principal\u001b[0m\n            \u001b[36m</span>\u001b[39m\n            \u001b[36m<span\u001b[39m\n              \u001b[33mclass\u001b[39m=\u001b[32m\"text-xs opacity-70\"\u001b[39m\n            \u001b[36m>\u001b[39m\n              \u001b[0m▼\u001b[0m\n            \u001b[36m</span>\u001b[39m\n          \u001b[36m</button>\u001b[39m\n          \u001b[36m<button\u001b[39m\n            \u001b[33maria-expanded\u001b[39m=\u001b[32m\"true\"\u001b[39m\n            \u001b[33mclass\u001b[39m=\u001b[32m\"w-full text-left flex items-center justify-between rounded-lg px-3 py-2 text-slate-700 dark:text-slate-100\n                     hover:bg-slate-100 dark:hover:bg-slate-900 font-medium transition-colors duration-300\"\u001b[39m\n          \u001b[36m>\u001b[39m\n            \u001b[36m<span\u001b[39m\n              \u001b[33mclass\u001b[39m=\u001b[32m\"text-sm font-semibold tracking-wide\"\u001b[39m\n            \u001b[36m>\u001b[39m\n              \u001b[0mEjercicios · Jtest\u001b[0m\n            \u001b[36m</span>\u001b[39m\n            \u001b[36m<span\u001b[39m\n              \u001b[33mclass\u001b[39m=\u001b[32m\"text-xs opacity-70\"\u001b[39m\n            \u001b[36m>\u001b[39m\n              \u001b[0m▲\u001b[0m\n            \u001b[36m</span>\u001b[39m\n          \u001b[36m</button>\u001b[39m\n          \u001b[36m<div\u001b[39m\n            \u001b[33mclass\u001b[39m=\u001b[32m\"space-y-1\"\u001b[39m\n          \u001b[36m>\u001b[39m\n            \u001b[36m<a\u001b[39m\n              \u001b[33mclass\u001b[39m=\u001b[32m\"block w-full text-left rounded-lg pl-4 pr-3 py-2 text-slate-700 dark:text-slate-200\n         hover:bg-slate-100 dark:hover:bg-slate-900 min-h-10 transition-colors\n         \"\u001b[39m\n              \u001b[33mdata-discover\u001b[39m=\u001b[32m\"true\"\u001b[39m\n              \u001b[33mhref\u001b[39m=\u001b[32m\"/color3d\"\u001b[39m\n            \u001b[36m>\u001b[39m\n              \u001b[36m<div\u001b[39m\n                \u001b[33mclass\u001b[39m=\u001b[32m\"flex items-center gap-2 whitespace-normal\"\u001b[39m\n              \u001b[36m>\u001b[39m\n                \u001b[36m<span\u001b[39m\n                  \u001b[33mclass\u001b[39m=\u001b[32m\"flex-none\"\u001b[39m\n                \u001b[36m>\u001b[39m\n                  \u001b[36m<svg\u001b[39m\n                    \u001b[33mfill\u001b[39m=\u001b[32m\"currentColor\"\u001b[39m\n                    \u001b[33mheight\u001b[39m=\u001b[32m\"1em\"\u001b[39m\n                    \u001b[33mstroke\u001b[39m=\u001b[32m\"currentColor\"\u001b[39m\n                    \u001b[33mstroke-width\u001b[39m=\u001b[32m\"0\"\u001b[39m\n                    \u001b[33mviewBox\u001b[39m=\u001b[32m\"0 0 512 512\"\u001b[39m\n                    \u001b[33mwidth\u001b[39m=\u001b[32m\"1em\"\u001b[39m\n                    \u001b[33mxmlns\u001b[39m=\u001b[32m\"http://www.w3.org/2000/svg\"\u001b[39m\n                  \u001b[36m>\u001b[39m\n                    \u001b[36m<path\u001b[39m\n                      \u001b[33md\u001b[39m=\u001b[32m\"M204.3 5C104.9 24.4 24.8 104.3 5.2 203.4c-37 187 131.7 326.4 258.8 306.7 41.2-6.4 61.4-54.6 42.5-91.7-23.1-45.4 9.9-98.4 60.9-98.4h79.7c35.8 0 64.8-29.6 64.9-65.3C511.5 97.1 368.1-26.9 204.3 5zM96 320c-17.7 0-32-14.3-32-32s14.3-32 32-32 32 14.3 32 32-14.3 32-32 32zm32-128c-17.7 0-32-14.3-32-32s14.3-32 32-32 32 14.3 32 32-14.3 32-32 32zm128-64c-17.7 0-32-14.3-32-32s14.3-32 32-32 32 14.3 32 32-14.3 32-32 32zm128 64c-17.7 0-32-14.3-32-32s14.3-32 32-32 32 14.3 32 32-14.3 32-32 32z\"\u001b[39m\n                    \u001b[36m/>\u001b[39m\n                  \u001b[36m</svg>\u001b[39m\n                \u001b[36m</span>\u001b[39m\n                \u001b[36m<span\u001b[39m\n                  \u001b[33mclass\u001b[39m=\u001b[32m\"flex-1 text-sm break-words\"\u001b[39m\n                \u001b[36m>\u001b[39m\n                  \u001b[0mCambiar color 3D - Matemáticas\u001b[0m\n                \u001b[36m</span>\u001b[39m\n              \u001b[36m</div>\u001b[39m\n            \u001b[36m</a>\u001b[39m\n            \u001b[36m<a\u001b[39m\n              \u001b[33maria-current\u001b[39m=\u001b[32m\"page\"\u001b[39m\n              \u001b[33mclass\u001b[39m=\u001b[32m\"block w-full text-left rounded-lg pl-4 pr-3 py-2 text-slate-700 dark:text-slate-200\n         hover:bg-slate-100 dark:hover:bg-slate-900 min-h-10 transition-colors\n         bg-slate-100 text-slate-900 dark:bg-slate-800 dark:text-white\"\u001b[39m\n              \u001b[33mdata-discover\u001b[39m=\u001b[32m\"true\"\u001b[39m\n              \u001b[33mhref\u001b[39m=\u001b[32m\"/robot3d\"\u001b[39m\n            \u001b[36m>\u001b[39m\n              \u001b[36m<div\u001b[39m\n                \u001b[33mclass\u001b[39m=\u001b[32m\"flex items-center gap-2 whitespace-normal\"\u001b[39m\n              \u001b[36m>\u001b[39m\n                \u001b[36m<span\u001b[39m\n                  \u001b[33mclass\u001b[39m=\u001b[32m\"flex-none\"\u001b[39m\n                \u001b[36m>\u001b[39m\n                  \u001b[36m<svg\u001b[39m\n                    \u001b[33mfill\u001b[39m=\u001b[32m\"currentColor\"\u001b[39m\n                    \u001b[33mheight\u001b[39m=\u001b[32m\"1em\"\u001b[39m\n                    \u001b[33mstroke\u001b[39m=\u001b[32m\"currentColor\"\u001b[39m\n                    \u001b[33mstroke-width\u001b[39m=\u001b[32m\"0\"\u001b[39m\n                    \u001b[33mviewBox\u001b[39m=\u001b[32m\"0 0 640 512\"\u001b[39m\n                    \u001b[33mwidth\u001b[39m=\u001b[32m\"1em\"\u001b[39m\n                    \u001b[33mxmlns\u001b[39m=\u001b[32m\"http://www.w3.org/2000/svg\"\u001b[39m\n                  \u001b[36m>\u001b[39m\n                    \u001b[36m<path\u001b[39m\n                      \u001b[33md\u001b[39m=\u001b[32m\"M32,224H64V416H32A31.96166,31.96166,0,0,1,0,384V256A31.96166,31.96166,0,0,1,32,224Zm512-48V448a64.06328,64.06328,0,0,1-64,64H160a64.06328,64.06328,0,0,1-64-64V176a79.974,79.974,0,0,1,80-80H288V32a32,32,0,0,1,64,0V96H464A79.974,79.974,0,0,1,544,176ZM264,256a40,40,0,1,0-40,40A39.997,39.997,0,0,0,264,256Zm-8,128H192v32h64Zm96,0H288v32h64ZM456,256a40,40,0,1,0-40,40A39.997,39.997,0,0,0,456,256Zm-8,128H384v32h64ZM640,256V384a31.96166,31.96166,0,0,1-32,32H576V224h32A31.96166,31.96166,0,0,1,640,256Z\"\u001b[39m\n                    \u001b[36m/>\u001b[39m\n                  \u001b[36m</svg>\u001b[39m\n                \u001b[36m</span>\u001b[39m\n                \u001b[36m<span\u001b[39m\n                  \u001b[33mclass\u001b[39m=\u001b[32m\"flex-1 text-sm break-words\"\u001b[39m\n                \u001b[36m>\u001b[39m\n                  \u001b[0mRobot 3D - Tecnología\u001b[0m\n                \u001b[36m</span>\u001b[39m\n              \u001b[36m</div>\u001b[39m\n            \u001b[36m</a>\u001b[39m\n            \u001b[36m<a\u001b[39m\n              \u001b[33mclass\u001b[39m=\u001b[32m\"block w-full text-left rounded-lg pl-4 pr-3 py-2 text-slate-700 dark:text-slate-200\n         hover:bg-slate-100 dark:hover:bg-slate-900 min-h-10 transition-colors\n         \"\u001b[39m\n              \u001b[33mdata-discover\u001b[39m=\u001b[32m\"true\"\u001b[39m\n              \u001b[33mhref\u001b[39m=\u001b[32m\"/watercycle\"\u001b[39m\n            \u001b[36m>\u001b[39m\n              \u001b[36m<div\u001b[39m\n                \u001b[33mclass\u001b[39m=\u001b[32m\"flex items-center gap-2 whitespace-normal\"\u001b[39m\n              \u001b[36m>\u001b[39m\n                \u001b[36m<span\u001b[39m\n                  \u001b[33mclass\u001b[39m=\u001b[32m\"flex-none\"\u001b[39m\n                \u001b[36m>\u001b[39m\n                  \u001b[36m<svg\u001b[39m\n                    \u001b[33mfill\u001b[39m=\u001b[32m\"currentColor\"\u001b[39m\n                    \u001b[33mheight\u001b[39m=\u001b[32m\"1em\"\u001b[39m\n                    \u001b[33mstroke\u001b[39m=\u001b[32m\"currentColor\"\u001b[39m\n                    \u001b[33mstroke-width\u001b[39m=\u001b[32m\"0\"\u001b[39m\n                    \u001b[33mviewBox\u001b[39m=\u001b[32m\"0 0 352 512\"\u001b[39m\n                    \u001b[33mwidth\u001b[39m=\u001b[32m\"1em\"\u001b[39m\n                    \u001b[33mxmlns\u001b[39m=\u001b[32m\"http://www.w3.org/2000/svg\"\u001b[39m\n                  \u001b[36m>\u001b[39m\n                    \u001b[36m<path\u001b[39m\n                      \u001b[33md\u001b[39m=\u001b[32m\"M205.22 22.09c-7.94-28.78-49.44-30.12-58.44 0C100.01 179.85 0 222.72 0 333.91 0 432.35 78.72 512 176 512s176-79.65 176-178.09c0-111.75-99.79-153.34-146.78-311.82zM176 448c-61.75 0-112-50.25-112-112 0-8.84 7.16-16 16-16s16 7.16 16 16c0 44.11 35.89 80 80 80 8.84 0 16 7.16 16 16s-7.16 16-16 16z\"\u001b[39m\n                    \u001b[36m/>\u001b[39m\n                  \u001b[36m</svg>\u001b[39m\n                \u001b[36m</span>\u001b[39m\n                \u001b[36m<span\u001b[39m\n                  \u001b[33mclass\u001b[39m=\u001b[32m\"flex-1 text-sm break-words\"\u001b[39m\n                \u001b[36m>\u001b[39m\n                  \u001b[0mCiclo del Agua - Ciencias\u001b[0m\n                \u001b[36m</span>\u001b[39m\n              \u001b[36m</div>\u001b[39m\n            \u001b[36m</a>\u001b[39m\n          \u001b[36m</div>\u001b[39m\n        \u001b[36m</div>\u001b[39m\n      \u001b[36m</aside>\u001b[39m\n      \u001b[36m<div\u001b[39m\n        \u001b[33mclass\u001b[39m=\u001b[32m\"flex flex-col flex-1 relative overflow-hidden\"\u001b[39m\n      \u001b[36m>\u001b[39m\n        \u001b[36m<nav\u001b[39m\n          \u001b[33mclass\u001b[39m=\u001b[32m\"\n        w-full h-16 px-6 flex items-center justify-between\n        backdrop-blur-xl \n        border-b border-slate-200/60\n        shadow-sm\n\n        /* 🎨 Fondo dinámico con degradado sutil */\n        bg-linear-to-r from-white/95 via-slate-100/80 to-white/90\n        dark:bg-linear-to-r dark:from-slate-900/90 dark:via-slate-900/80 dark:to-slate-900/80\n      \"\u001b[39m\n        \u001b[36m>\u001b[39m\n          \u001b[36m<h1\u001b[39m\n            \u001b[33mclass\u001b[39m=\u001b[32m\"\n          text-xl font-semibold tracking-wide\n          bg-clip-text text-transparent\n          bg-linear-to-r from-indigo-500 to-purple-500\n          dark:from-indigo-300 dark:to-purple-300\n          animate-pulseSlow\n        \"\u001b[39m\n          \u001b[36m>\u001b[39m\n            \u001b[0mMi App\u001b[0m\n          \u001b[36m</h1>\u001b[39m\n          \u001b[36m<div\u001b[39m\n            \u001b[33mclass\u001b[39m=\u001b[32m\"flex items-center gap-2 px-4 py-2 rounded-xl bg-slate-50/80 dark:bg-slate-900/70 border border-slate-200/70 dark:border-slate-700/60 shadow-sm\"\u001b[39m\n          \u001b[36m>\u001b[39m\n            \u001b[36m<svg\u001b[39m\n              \u001b[33maria-hidden\u001b[39m=\u001b[32m\"true\"\u001b[39m\n              \u001b[33mclass\u001b[39m=\u001b[32m\"lucide lucide-moon w-4 h-4 text-blue-500 animate-float\"\u001b[39m\n              \u001b[33mfill\u001b[39m=\u001b[32m\"none\"\u001b[39m\n              \u001b[33mheight\u001b[39m=\u001b[32m\"24\"\u001b[39m\n              \u001b[33mstroke\u001b[39m=\u001b[32m\"currentColor\"\u001b[39m\n              \u001b[33mstroke-linecap\u001b[39m=\u001b[32m\"round\"\u001b[39m\n              \u001b[33mstroke-linejoin\u001b[39m=\u001b[32m\"round\"\u001b[39m\n              \u001b[33mstroke-width\u001b[39m=\u001b[32m\"2\"\u001b[39m\n              \u001b[33mviewBox\u001b[39m=\u001b[32m\"0 0 24 24\"\u001b[39m\n              \u001b[33mwidth\u001b[39m=\u001b[32m\"24\"\u001b[39m\n              \u001b[33mxmlns\u001b[39m=\u001b[32m\"http://www.w3.org/2000/svg\"\u001b[39m\n            \u001b[36m>\u001b[39m\n              \u001b[36m<path\u001b[39m\n                \u001b[33md\u001b[39m=\u001b[32m\"M20.985 12.486a9 9 0 1 1-9.473-9.472c.405-.022.617.46.402.803a6 6 0 0 0 8.268 8.268c.344-.215.825-.004.803.401\"\u001b[39m\n              \u001b[36m/>\u001b[39m\n            \u001b[36m</svg>\u001b[39m\n            \u001b[36m<span\u001b[39m\n              \u001b[33mclass\u001b[39m=\u001b[32m\"text-xs font-semibold uppercase tracking-wider text-slate-600 dark:text-slate-300\"\u001b[39m\n            \u001b[36m>\u001b[39m\n              \u001b[0mModo Claro\u001b[0m\n            \u001b[36m</span>\u001b[39m\n          \u001b[36m</div>\u001b[39m\n        \u001b[36m</nav>\u001b[39m\n        \u001b[36m<div\u001b[39m\n          \u001b[33mclass\u001b[39m=\u001b[32m\"pointer-events-none absolute inset-0 overflow-hidden select-none z-[1]\"\u001b[39m\n        \u001b[36m>\u001b[39m\n          \u001b[36m<div\u001b[39m\n            \u001b[33mclass\u001b[39m=\u001b[32m\"animated-bg-element element-circle element-1\"\u001b[39m\n          \u001b[36m/>\u001b[39m\n          \u001b[36m<div\u001b[39m\n            \u001b[33mclass\u001b[39m=\u001b[32m\"animated-bg-element element-square element-2\"\u001b[39m\n          \u001b[36m/>\u001b[39m\n          \u001b[36m<div\u001b[39m\n            \u001b[33mclass\u001b[39m=\u001b[32m\"animated-bg-element element-triangle element-3\"\u001b[39m\n          \u001b[36m/>\u001b[39m\n          \u001b[36m<div\u001b[39m\n            \u001b[33mclass\u001b[39m=\u001b[32m\"animated-bg-element element-diamond element-4\"\u001b[39m\n          \u001b[36m/>\u001b[39m\n          \u001b[36m<div\u001b[39m\n            \u001b[33mclass\u001b[39m=\u001b[32m\"animated-bg-element element-star element-5\"\u001b[39m\n          \u001b[36m/>\u001b[39m\n          \u001b[36m<div\u001b[39m\n            \u001b[33mclass\u001b[39m=\u001b[32m\"animated-bg-element element-line element-6\"\u001b[39m\n          \u001b[36m/>\u001b[39m\n        \u001b[36m</div>\u001b[39m\n        \u001b[36m<main\u001b[39m\n          \u001b[33mclass\u001b[39m=\u001b[32m\"\n            flex-1 overflow-y-auto p-6 md:p-8 \n\n            /* FONDO */\n            bg-linear-to-br from-slate-50 via-white to-white\n            dark:bg-linear-to-br dark:from-slate-950/80 dark:via-slate-900/80 dark:to-slate-900/70\n            backdrop-blur-xl\n\n            /* BORDES + SOMBRA */\n            border-t border-slate-200/70 dark:border-slate-700/40\n            shadow-inner\n\n            /* Para que se vea sobre las figuras */\n            relative z-5\n          \"\u001b[39m\n        \u001b[36m>\u001b[39m\n          \u001b[36m<div>\u001b[39m\n            \u001b[0mRobot 3D\u001b[0m\n          \u001b[36m</div>\u001b[39m\n        \u001b[36m</main>\u001b[39m\n      \u001b[36m</div>\u001b[39m\n    \u001b[36m</div>\u001b[39m\n  \u001b[36m</div>\u001b[39m\n\u001b[36m</body>\u001b[39m\n    at waitForWrapper (C:\\Users\\qalej\\Documents\\Develop\\MentesCreativas-main\\node_modules\\@testing-library\\dom\\dist\\wait-for.js:163:27)\n    at C:\\Users\\qalej\\Documents\\Develop\\MentesCreativas-main\\node_modules\\@testing-library\\dom\\dist\\query-helpers.js:86:33\n    at Object.<anonymous> (C:\\Users\\qalej\\Documents\\Develop\\MentesCreativas-main\\src\\integration\\NavigationFlow.test.tsx:22:18)"],"fullName":"Integración: flujo de navegación Sidebar navega desde Inicio a Robot3D y ColorPicker3D","invocations":1,"location":null,"numPassingAsserts":0,"retryReasons":[],"startAt":1763448524652,"status":"failed","title":"navega desde Inicio a Robot3D y ColorPicker3D"}],"endTime":1763448526649,"message":"\u001b[1m\u001b[31m  \u001b[1m● \u001b[22m\u001b[1mIntegración: flujo de navegación Sidebar › navega desde Inicio a Robot3D y ColorPicker3D\u001b[39m\u001b[22m\n\n    Found multiple elements with the text: /Robot 3D/i\n\n    Here are the matching elements:\n\n    Ignored nodes: comments, script, style\n    \u001b[36m<span\u001b[39m\n      \u001b[33mclass\u001b[39m=\u001b[32m\"flex-1 text-sm break-words\"\u001b[39m\n    \u001b[36m>\u001b[39m\n      \u001b[0mRobot 3D - Tecnología\u001b[0m\n    \u001b[36m</span>\u001b[39m\n\n    Ignored nodes: comments, script, style\n    \u001b[36m<div>\u001b[39m\n      \u001b[0mRobot 3D\u001b[0m\n    \u001b[36m</div>\u001b[39m\n\n    (If this is intentional, then use the `*AllBy*` variant of the query (like `queryAllByText`, `getAllByText`, or `findAllByText`)).\n\n    Ignored nodes: comments, script, style\n    \u001b[36m<body>\u001b[39m\n      \u001b[36m<div>\u001b[39m\n        \u001b[36m<div\u001b[39m\n          \u001b[33mclass\u001b[39m=\u001b[32m\"flex h-screen\"\u001b[39m\n        \u001b[36m>\u001b[39m\n          \u001b[36m<aside\u001b[39m\n            \u001b[33mclass\u001b[39m=\u001b[32m\"hidden md:block w-full md:w-[240px] border-r border-slate-100 dark:border-slate-900/30 bg-slate-50/80 dark:bg-slate-900/80 backdrop-blur-sm\"\u001b[39m\n          \u001b[36m>\u001b[39m\n            \u001b[36m<div\u001b[39m\n              \u001b[33mclass\u001b[39m=\u001b[32m\"p-3 space-y-1\"\u001b[39m\n            \u001b[36m>\u001b[39m\n              \u001b[36m<button\u001b[39m\n                \u001b[33maria-expanded\u001b[39m=\u001b[32m\"false\"\u001b[39m\n                \u001b[33mclass\u001b[39m=\u001b[32m\"w-full text-left flex items-center justify-between rounded-lg px-3 py-2 text-slate-800 dark:text-slate-100\n                         hover:bg-slate-100 dark:hover:bg-slate-900 font-medium transition-colors duration-300\"\u001b[39m\n              \u001b[36m>\u001b[39m\n                \u001b[36m<span\u001b[39m\n                  \u001b[33mclass\u001b[39m=\u001b[32m\"text-sm font-semibold tracking-wide\"\u001b[39m\n                \u001b[36m>\u001b[39m\n                  \u001b[0mMenú Principal\u001b[0m\n                \u001b[36m</span>\u001b[39m\n                \u001b[36m<span\u001b[39m\n                  \u001b[33mclass\u001b[39m=\u001b[32m\"text-xs opacity-70\"\u001b[39m\n                \u001b[36m>\u001b[39m\n                  \u001b[0m▼\u001b[0m\n                \u001b[36m</span>\u001b[39m\n              \u001b[36m</button>\u001b[39m\n              \u001b[36m<button\u001b[39m\n                \u001b[33maria-expanded\u001b[39m=\u001b[32m\"true\"\u001b[39m\n                \u001b[33mclass\u001b[39m=\u001b[32m\"w-full text-left flex items-center justify-between rounded-lg px-3 py-2 text-slate-700 dark:text-slate-100\n                         hover:bg-slate-100 dark:hover:bg-slate-900 font-medium transition-colors duration-300\"\u001b[39m\n              \u001b[36m>\u001b[39m\n                \u001b[36m<span\u001b[39m\n                  \u001b[33mclass\u001b[39m=\u001b[32m\"text-sm font-semibold tracking-wide\"\u001b[39m\n                \u001b[36m>\u001b[39m\n                  \u001b[0mEjercicios · Jtest\u001b[0m\n                \u001b[36m</span>\u001b[39m\n                \u001b[36m<span\u001b[39m\n                  \u001b[33mclass\u001b[39m=\u001b[32m\"text-xs opacity-70\"\u001b[39m\n                \u001b[36m>\u001b[39m\n                  \u001b[0m▲\u001b[0m\n                \u001b[36m</span>\u001b[39m\n              \u001b[36m</button>\u001b[39m\n              \u001b[36m<div\u001b[39m\n                \u001b[33mclass\u001b[39m=\u001b[32m\"space-y-1\"\u001b[39m\n              \u001b[36m>\u001b[39m\n                \u001b[36m<a\u001b[39m\n                  \u001b[33mclass\u001b[39m=\u001b[32m\"block w-full text-left rounded-lg pl-4 pr-3 py-2 text-slate-700 dark:text-slate-200\n             hover:bg-slate-100 dark:hover:bg-slate-900 min-h-10 transition-colors\n             \"\u001b[39m\n                  \u001b[33mdata-discover\u001b[39m=\u001b[32m\"true\"\u001b[39m\n                  \u001b[33mhref\u001b[39m=\u001b[32m\"/color3d\"\u001b[39m\n                \u001b[36m>\u001b[39m\n                  \u001b[36m<div\u001b[39m\n                    \u001b[33mclass\u001b[39m=\u001b[32m\"flex items-center gap-2 whitespace-normal\"\u001b[39m\n                  \u001b[36m>\u001b[39m\n                    \u001b[36m<span\u001b[39m\n                      \u001b[33mclass\u001b[39m=\u001b[32m\"flex-none\"\u001b[39m\n                    \u001b[36m>\u001b[39m\n                      \u001b[36m<svg\u001b[39m\n                        \u001b[33mfill\u001b[39m=\u001b[32m\"currentColor\"\u001b[39m\n                        \u001b[33mheight\u001b[39m=\u001b[32m\"1em\"\u001b[39m\n                        \u001b[33mstroke\u001b[39m=\u001b[32m\"currentColor\"\u001b[39m\n                        \u001b[33mstroke-width\u001b[39m=\u001b[32m\"0\"\u001b[39m\n                        \u001b[33mviewBox\u001b[39m=\u001b[32m\"0 0 512 512\"\u001b[39m\n                        \u001b[33mwidth\u001b[39m=\u001b[32m\"1em\"\u001b[39m\n                        \u001b[33mxmlns\u001b[39m=\u001b[32m\"http://www.w3.org/2000/svg\"\u001b[39m\n                      \u001b[36m>\u001b[39m\n                        \u001b[36m<path\u001b[39m\n                          \u001b[33md\u001b[39m=\u001b[32m\"M204.3 5C104.9 24.4 24.8 104.3 5.2 203.4c-37 187 131.7 326.4 258.8 306.7 41.2-6.4 61.4-54.6 42.5-91.7-23.1-45.4 9.9-98.4 60.9-98.4h79.7c35.8 0 64.8-29.6 64.9-65.3C511.5 97.1 368.1-26.9 204.3 5zM96 320c-17.7 0-32-14.3-32-32s14.3-32 32-32 32 14.3 32 32-14.3 32-32 32zm32-128c-17.7 0-32-14.3-32-32s14.3-32 32-32 32 14.3 32 32-14.3 32-32 32zm128-64c-17.7 0-32-14.3-32-32s14.3-32 32-32 32 14.3 32 32-14.3 32-32 32zm128 64c-17.7 0-32-14.3-32-32s14.3-32 32-32 32 14.3 32 32-14.3 32-32 32z\"\u001b[39m\n                        \u001b[36m/>\u001b[39m\n                      \u001b[36m</svg>\u001b[39m\n                    \u001b[36m</span>\u001b[39m\n                    \u001b[36m<span\u001b[39m\n                      \u001b[33mclass\u001b[39m=\u001b[32m\"flex-1 text-sm break-words\"\u001b[39m\n                    \u001b[36m>\u001b[39m\n                      \u001b[0mCambiar color 3D - Matemáticas\u001b[0m\n                    \u001b[36m</span>\u001b[39m\n                  \u001b[36m</div>\u001b[39m\n                \u001b[36m</a>\u001b[39m\n                \u001b[36m<a\u001b[39m\n                  \u001b[33maria-current\u001b[39m=\u001b[32m\"page\"\u001b[39m\n                  \u001b[33mclass\u001b[39m=\u001b[32m\"block w-full text-left rounded-lg pl-4 pr-3 py-2 text-slate-700 dark:text-slate-200\n             hover:bg-slate-100 dark:hover:bg-slate-900 min-h-10 transition-colors\n             bg-slate-100 text-slate-900 dark:bg-slate-800 dark:text-white\"\u001b[39m\n                  \u001b[33mdata-discover\u001b[39m=\u001b[32m\"true\"\u001b[39m\n                  \u001b[33mhref\u001b[39m=\u001b[32m\"/robot3d\"\u001b[39m\n                \u001b[36m>\u001b[39m\n                  \u001b[36m<div\u001b[39m\n                    \u001b[33mclass\u001b[39m=\u001b[32m\"flex items-center gap-2 whitespace-normal\"\u001b[39m\n                  \u001b[36m>\u001b[39m\n                    \u001b[36m<span\u001b[39m\n                      \u001b[33mclass\u001b[39m=\u001b[32m\"flex-none\"\u001b[39m\n                    \u001b[36m>\u001b[39m\n                      \u001b[36m<svg\u001b[39m\n                        \u001b[33mfill\u001b[39m=\u001b[32m\"currentColor\"\u001b[39m\n                        \u001b[33mheight\u001b[39m=\u001b[32m\"1em\"\u001b[39m\n                        \u001b[33mstroke\u001b[39m=\u001b[32m\"currentColor\"\u001b[39m\n                        \u001b[33mstroke-width\u001b[39m=\u001b[32m\"0\"\u001b[39m\n                        \u001b[33mviewBox\u001b[39m=\u001b[32m\"0 0 640 512\"\u001b[39m\n                        \u001b[33mwidth\u001b[39m=\u001b[32m\"1em\"\u001b[39m\n                        \u001b[33mxmlns\u001b[39m=\u001b[32m\"http://www.w3.org/2000/svg\"\u001b[39m\n                      \u001b[36m>\u001b[39m\n                        \u001b[36m<path\u001b[39m\n                          \u001b[33md\u001b[39m=\u001b[32m\"M32,224H64V416H32A31.96166,31.96166,0,0,1,0,384V256A31.96166,31.96166,0,0,1,32,224Zm512-48V448a64.06328,64.06328,0,0,1-64,64H160a64.06328,64.06328,0,0,1-64-64V176a79.974,79.974,0,0,1,80-80H288V32a32,32,0,0,1,64,0V96H464A79.974,79.974,0,0,1,544,176ZM264,256a40,40,0,1,0-40,40A39.997,39.997,0,0,0,264,256Zm-8,128H192v32h64Zm96,0H288v32h64ZM456,256a40,40,0,1,0-40,40A39.997,39.997,0,0,0,456,256Zm-8,128H384v32h64ZM640,256V384a31.96166,31.96166,0,0,1-32,32H576V224h32A31.96166,31.96166,0,0,1,640,256Z\"\u001b[39m\n                        \u001b[36m/>\u001b[39m\n                      \u001b[36m</svg>\u001b[39m\n                    \u001b[36m</span>\u001b[39m\n                    \u001b[36m<span\u001b[39m\n                      \u001b[33mclass\u001b[39m=\u001b[32m\"flex-1 text-sm break-words\"\u001b[39m\n                    \u001b[36m>\u001b[39m\n                      \u001b[0mRobot 3D - Tecnología\u001b[0m\n                    \u001b[36m</span>\u001b[39m\n                  \u001b[36m</div>\u001b[39m\n                \u001b[36m</a>\u001b[39m\n                \u001b[36m<a\u001b[39m\n                  \u001b[33mclass\u001b[39m=\u001b[32m\"block w-full text-left rounded-lg pl-4 pr-3 py-2 text-slate-700 dark:text-slate-200\n             hover:bg-slate-100 dark:hover:bg-slate-900 min-h-10 transition-colors\n             \"\u001b[39m\n                  \u001b[33mdata-discover\u001b[39m=\u001b[32m\"true\"\u001b[39m\n                  \u001b[33mhref\u001b[39m=\u001b[32m\"/watercycle\"\u001b[39m\n                \u001b[36m>\u001b[39m\n                  \u001b[36m<div\u001b[39m\n                    \u001b[33mclass\u001b[39m=\u001b[32m\"flex items-center gap-2 whitespace-normal\"\u001b[39m\n                  \u001b[36m>\u001b[39m\n                    \u001b[36m<span\u001b[39m\n                      \u001b[33mclass\u001b[39m=\u001b[32m\"flex-none\"\u001b[39m\n                    \u001b[36m>\u001b[39m\n                      \u001b[36m<svg\u001b[39m\n                        \u001b[33mfill\u001b[39m=\u001b[32m\"currentColor\"\u001b[39m\n                        \u001b[33mheight\u001b[39m=\u001b[32m\"1em\"\u001b[39m\n                        \u001b[33mstroke\u001b[39m=\u001b[32m\"currentColor\"\u001b[39m\n                        \u001b[33mstroke-width\u001b[39m=\u001b[32m\"0\"\u001b[39m\n                        \u001b[33mviewBox\u001b[39m=\u001b[32m\"0 0 352 512\"\u001b[39m\n                        \u001b[33mwidth\u001b[39m=\u001b[32m\"1em\"\u001b[39m\n                        \u001b[33mxmlns\u001b[39m=\u001b[32m\"http://www.w3.org/2000/svg\"\u001b[39m\n                      \u001b[36m>\u001b[39m\n                        \u001b[36m<path\u001b[39m\n                          \u001b[33md\u001b[39m=\u001b[32m\"M205.22 22.09c-7.94-28.78-49.44-30.12-58.44 0C100.01 179.85 0 222.72 0 333.91 0 432.35 78.72 512 176 512s176-79.65 176-178.09c0-111.75-99.79-153.34-146.78-311.82zM176 448c-61.75 0-112-50.25-112-112 0-8.84 7.16-16 16-16s16 7.16 16 16c0 44.11 35.89 80 80 80 8.84 0 16 7.16 16 16s-7.16 16-16 16z\"\u001b[39m\n                        \u001b[36m/>\u001b[39m\n                      \u001b[36m</svg>\u001b[39m\n                    \u001b[36m</span>\u001b[39m\n                    \u001b[36m<span\u001b[39m\n                      \u001b[33mclass\u001b[39m=\u001b[32m\"flex-1 text-sm break-words\"\u001b[39m\n                    \u001b[36m>\u001b[39m\n                      \u001b[0mCiclo del Agua - Ciencias\u001b[0m\n                    \u001b[36m</span>\u001b[39m\n                  \u001b[36m</div>\u001b[39m\n                \u001b[36m</a>\u001b[39m\n              \u001b[36m</div>\u001b[39m\n            \u001b[36m</div>\u001b[39m\n          \u001b[36m</aside>\u001b[39m\n          \u001b[36m<div\u001b[39m\n            \u001b[33mclass\u001b[39m=\u001b[32m\"flex flex-col flex-1 relative overflow-hidden\"\u001b[39m\n          \u001b[36m>\u001b[39m\n            \u001b[36m<nav\u001b[39m\n              \u001b[33mclass\u001b[39m=\u001b[32m\"\n            w-full h-16 px-6 flex items-center justify-between\n            backdrop-blur-xl \n            border-b border-slate-200/60\n            shadow-sm\n\n            /* 🎨 Fondo dinámico con degradado sutil */\n            bg-linear-to-r from-white/95 via-slate-100/80 to-white/90\n            dark:bg-linear-to-r dark:from-slate-900/90 dark:via-slate-900/80 dark:to-slate-900/80\n          \"\u001b[39m\n            \u001b[36m>\u001b[39m\n              \u001b[36m<h1\u001b[39m\n                \u001b[33mclass\u001b[39m=\u001b[32m\"\n              text-xl font-semibold tracking-wide\n              bg-clip-text text-transparent\n              bg-linear-to-r from-indigo-500 to-purple-500\n              dark:from-indigo-300 dark:to-purple-300\n              animate-pulseSlow\n            \"\u001b[39m\n              \u001b[36m>\u001b[39m\n                \u001b[0mMi App\u001b[0m\n              \u001b[36m</h1>\u001b[39m\n              \u001b[36m<div\u001b[39m\n                \u001b[33mclass\u001b[39m=\u001b[32m\"flex items-center gap-2 px-4 py-2 rounded-xl bg-slate-50/80 dark:bg-slate-900/70 border border-slate-200/70 dark:border-slate-700/60 shadow-sm\"\u001b[39m\n              \u001b[36m>\u001b[39m\n                \u001b[36m<svg\u001b[39m\n                  \u001b[33maria-hidden\u001b[39m=\u001b[32m\"true\"\u001b[39m\n                  \u001b[33mclass\u001b[39m=\u001b[32m\"lucide lucide-moon w-4 h-4 text-blue-500 animate-float\"\u001b[39m\n                  \u001b[33mfill\u001b[39m=\u001b[32m\"none\"\u001b[39m\n                  \u001b[33mheight\u001b[39m=\u001b[32m\"24\"\u001b[39m\n                  \u001b[33mstroke\u001b[39m=\u001b[32m\"currentColor\"\u001b[39m\n                  \u001b[33mstroke-linecap\u001b[39m=\u001b[32m\"round\"\u001b[39m\n                  \u001b[33mstroke-linejoin\u001b[39m=\u001b[32m\"round\"\u001b[39m\n                  \u001b[33mstroke-width\u001b[39m=\u001b[32m\"2\"\u001b[39m\n                  \u001b[33mviewBox\u001b[39m=\u001b[32m\"0 0 24 24\"\u001b[39m\n                  \u001b[33mwidth\u001b[39m=\u001b[32m\"24\"\u001b[39m\n                  \u001b[33mxmlns\u001b[39m=\u001b[32m\"http://www.w3.org/2000/svg\"\u001b[39m\n                \u001b[36m>\u001b[39m\n                  \u001b[36m<path\u001b[39m\n                    \u001b[33md\u001b[39m=\u001b[32m\"M20.985 12.486a9 9 0 1 1-9.473-9.472c.405-.022.617.46.402.803a6 6 0 0 0 8.268 8.268c.344-.215.825-.004.803.401\"\u001b[39m\n                  \u001b[36m/>\u001b[39m\n                \u001b[36m</svg>\u001b[39m\n                \u001b[36m<span\u001b[39m\n                  \u001b[33mclass\u001b[39m=\u001b[32m\"text-xs font-semibold uppercase tracking-wider text-slate-600 dark:text-slate-300\"\u001b[39m\n                \u001b[36m>\u001b[39m\n                  \u001b[0mModo Claro\u001b[0m\n                \u001b[36m</span>\u001b[39m\n              \u001b[36m</div>\u001b[39m\n            \u001b[36m</nav>\u001b[39m\n            \u001b[36m<div\u001b[39m\n              \u001b[33mclass\u001b[39m=\u001b[32m\"pointer-events-none absolute inset-0 overflow-hidden select-none z-[1]\"\u001b[39m\n            \u001b[36m>\u001b[39m\n              \u001b[36m<div\u001b[39m\n                \u001b[33mclass\u001b[39m=\u001b[32m\"animated-bg-element element-circle element-1\"\u001b[39m\n              \u001b[36m/>\u001b[39m\n              \u001b[36m<div\u001b[39m\n                \u001b[33mclass\u001b[39m=\u001b[32m\"animated-bg-element element-square element-2\"\u001b[39m\n              \u001b[36m/>\u001b[39m\n              \u001b[36m<div\u001b[39m\n                \u001b[33mclass\u001b[39m=\u001b[32m\"animated-bg-element element-triangle element-3\"\u001b[39m\n              \u001b[36m/>\u001b[39m\n              \u001b[36m<div\u001b[39m\n                \u001b[33mclass\u001b[39m=\u001b[32m\"animated-bg-element element-diamond element-4\"\u001b[39m\n              \u001b[36m/>\u001b[39m\n              \u001b[36m<div\u001b[39m\n                \u001b[33mclass\u001b[39m=\u001b[32m\"animated-bg-element element-star element-5\"\u001b[39m\n              \u001b[36m/>\u001b[39m\n              \u001b[36m<div\u001b[39m\n                \u001b[33mclass\u001b[39m=\u001b[32m\"animated-bg-element element-line element-6\"\u001b[39m\n              \u001b[36m/>\u001b[39m\n            \u001b[36m</div>\u001b[39m\n            \u001b[36m<main\u001b[39m\n              \u001b[33mclass\u001b[39m=\u001b[32m\"\n                flex-1 overflow-y-auto p-6 md:p-8 \n\n                /* FONDO */\n                bg-linear-to-br from-slate-50 via-white to-white\n                dark:bg-linear-to-br dark:from-slate-950/80 dark:via-slate-900/80 dark:to-slate-900/70\n                backdrop-blur-xl\n\n                /* BORDES + SOMBRA */\n                border-t border-slate-200/70 dark:border-slate-700/40\n                shadow-inner\n\n                /* Para que se vea sobre las figuras */\n                relative z-5\n              \"\u001b[39m\n            \u001b[36m>\u001b[39m\n              \u001b[36m<div>\u001b[39m\n                \u001b[0mRobot 3D\u001b[0m\n              \u001b[36m</div>\u001b[39m\n            \u001b[36m</main>\u001b[39m\n          \u001b[36m</div>\u001b[39m\n        \u001b[36m</div>\u001b[39m\n      \u001b[36m</div>\u001b[39m\n    \u001b[36m</body>\u001b[39m\n\u001b[2m\u001b[22m\n\u001b[2m    \u001b[0m \u001b[90m 20 |\u001b[39m     fireEvent\u001b[33m.\u001b[39mclick(robotLink)\u001b[33m;\u001b[39m\u001b[22m\n\u001b[2m     \u001b[90m 21 |\u001b[39m     \u001b[90m// Fallback Suspense muestra Cargando… por un instante\u001b[39m\u001b[22m\n\u001b[2m    \u001b[31m\u001b[1m>\u001b[22m\u001b[2m\u001b[39m\u001b[90m 22 |\u001b[39m     \u001b[36mawait\u001b[39m screen\u001b[33m.\u001b[39mfindByText(\u001b[35m/Robot 3D/i\u001b[39m)\u001b[33m;\u001b[39m\u001b[22m\n\u001b[2m     \u001b[90m    |\u001b[39m                  \u001b[31m\u001b[1m^\u001b[22m\u001b[2m\u001b[39m\u001b[22m\n\u001b[2m     \u001b[90m 23 |\u001b[39m     \u001b[90m// Validación mínima: seguimos en la vista mockeada\u001b[39m\u001b[22m\n\u001b[2m     \u001b[90m 24 |\u001b[39m     expect(screen\u001b[33m.\u001b[39mgetByText(\u001b[35m/Robot 3D/i\u001b[39m))\u001b[33m.\u001b[39mtoBeInTheDocument()\u001b[33m;\u001b[39m\u001b[22m\n\u001b[2m     \u001b[90m 25 |\u001b[39m   })\u001b[33m;\u001b[39m\u001b[0m\u001b[22m\n\u001b[2m\u001b[22m\n\u001b[2m      \u001b[2mat waitForWrapper (\u001b[22m\u001b[2mnode_modules/@testing-library/dom/dist/wait-for.js\u001b[2m:163:27)\u001b[22m\u001b[2m\u001b[22m\n\u001b[2m      \u001b[2mat \u001b[22m\u001b[2mnode_modules/@testing-library/dom/dist/query-helpers.js\u001b[2m:86:33\u001b[22m\u001b[2m\u001b[22m\n\u001b[2m      \u001b[2mat Object.<anonymous> (\u001b[22m\u001b[2m\u001b[0m\u001b[36msrc/integration/NavigationFlow.test.tsx\u001b[39m\u001b[0m\u001b[2m:22:18)\u001b[22m\u001b[2m\u001b[22m\n","name":"C:\\Users\\qalej\\Documents\\Develop\\MentesCreativas-main\\src\\integration\\NavigationFlow.test.tsx","startTime":1763448513516,"status":"failed","summary":""}],"wasInterrupted":false}
